<?xml version="1.0" encoding="UTF-8"?>
<!-- Generated by org.testng.reporters.JUnitXMLReporter -->
<testsuite ignored="0" hostname="DESKTOP-QESGB3I" failures="0" tests="3" name="Surefire test" time="78.682" errors="0" timestamp="2024-10-06T20:40:52 IST">
  <testcase classname="Entrata.EntrataTestcaseDesign.LoginWithInvalidCredentials" name="testLoginWithInvalidCredentials" time="8.576"/>
  <testcase classname="Entrata.EntrataTestcaseDesign.LoginWithInvalidCredentials" name="validatingRedirection" time="10.329"/>
  <testcase classname="Entrata.EntrataTestcaseDesign.LoginWithInvalidCredentials" name="validatingpageRedirection" time="4.43"/>
</testsuite> <!-- Surefire test -->
