<?xml version="1.0" encoding="UTF-8"?>
<!-- Generated by org.testng.reporters.JUnitXMLReporter -->
<testsuite ignored="0" hostname="DESKTOP-QESGB3I" failures="0" tests="3" name="Verify" time="180.43" errors="0" timestamp="2024-10-06T21:19:58 IST">
  <testcase classname="Entrata.EntrataTestcaseDesign.LoginWithInvalidCredentials" name="testLoginWithInvalidCredentials" time="14.573"/>
  <testcase classname="Entrata.EntrataTestcaseDesign.LoginWithInvalidCredentials" name="validatingRedirection" time="19.163"/>
  <testcase classname="Entrata.EntrataTestcaseDesign.LoginWithInvalidCredentials" name="validatingpageRedirection" time="9.399"/>
</testsuite> <!-- Verify -->
