<?xml version="1.0" encoding="UTF-8"?>
<testng-results ignored="0" total="3" passed="3" failed="0" skipped="0">
  <reporter-output>
  </reporter-output>
  <suite started-at="2024-10-06T21:16:57 IST" name="Suite" finished-at="2024-10-06T21:19:58 IST" duration-ms="180430">
    <groups>
    </groups>
    <test started-at="2024-10-06T21:16:57 IST" name="Verify" finished-at="2024-10-06T21:19:58 IST" duration-ms="180430">
      <class name="Entrata.EntrataTestcaseDesign.LoginWithInvalidCredentials">
        <test-method is-config="true" signature="setUp()[pri:0, instance:Entrata.EntrataTestcaseDesign.LoginWithInvalidCredentials@44ebcd03]" started-at="2024-10-06T21:16:58 IST" name="setUp" finished-at="2024-10-06T21:17:49 IST" duration-ms="51782" status="PASS">
          <reporter-output>
          </reporter-output>
        </test-method> <!-- setUp -->
        <test-method signature="testLoginWithInvalidCredentials()[pri:0, instance:Entrata.EntrataTestcaseDesign.LoginWithInvalidCredentials@44ebcd03]" started-at="2024-10-06T21:17:49 IST" name="testLoginWithInvalidCredentials" finished-at="2024-10-06T21:18:04 IST" duration-ms="14573" status="PASS">
          <reporter-output>
          </reporter-output>
        </test-method> <!-- testLoginWithInvalidCredentials -->
        <test-method is-config="true" signature="tearDown()[pri:0, instance:Entrata.EntrataTestcaseDesign.LoginWithInvalidCredentials@44ebcd03]" started-at="2024-10-06T21:18:04 IST" name="tearDown" finished-at="2024-10-06T21:18:04 IST" duration-ms="295" status="PASS">
          <reporter-output>
          </reporter-output>
        </test-method> <!-- tearDown -->
        <test-method is-config="true" signature="setUp()[pri:0, instance:Entrata.EntrataTestcaseDesign.LoginWithInvalidCredentials@44ebcd03]" started-at="2024-10-06T21:18:04 IST" name="setUp" finished-at="2024-10-06T21:18:49 IST" duration-ms="44904" status="PASS">
          <reporter-output>
          </reporter-output>
        </test-method> <!-- setUp -->
        <test-method signature="validatingRedirection()[pri:0, instance:Entrata.EntrataTestcaseDesign.LoginWithInvalidCredentials@44ebcd03]" started-at="2024-10-06T21:18:49 IST" name="validatingRedirection" finished-at="2024-10-06T21:19:08 IST" duration-ms="19163" status="PASS">
          <reporter-output>
          </reporter-output>
        </test-method> <!-- validatingRedirection -->
        <test-method is-config="true" signature="tearDown()[pri:0, instance:Entrata.EntrataTestcaseDesign.LoginWithInvalidCredentials@44ebcd03]" started-at="2024-10-06T21:19:08 IST" name="tearDown" finished-at="2024-10-06T21:19:09 IST" duration-ms="507" status="PASS">
          <reporter-output>
          </reporter-output>
        </test-method> <!-- tearDown -->
        <test-method is-config="true" signature="setUp()[pri:0, instance:Entrata.EntrataTestcaseDesign.LoginWithInvalidCredentials@44ebcd03]" started-at="2024-10-06T21:19:09 IST" name="setUp" finished-at="2024-10-06T21:19:48 IST" duration-ms="39245" status="PASS">
          <reporter-output>
          </reporter-output>
        </test-method> <!-- setUp -->
        <test-method signature="validatingpageRedirection()[pri:0, instance:Entrata.EntrataTestcaseDesign.LoginWithInvalidCredentials@44ebcd03]" started-at="2024-10-06T21:19:48 IST" name="validatingpageRedirection" finished-at="2024-10-06T21:19:58 IST" duration-ms="9399" status="PASS">
          <reporter-output>
          </reporter-output>
        </test-method> <!-- validatingpageRedirection -->
        <test-method is-config="true" signature="tearDown()[pri:0, instance:Entrata.EntrataTestcaseDesign.LoginWithInvalidCredentials@44ebcd03]" started-at="2024-10-06T21:19:58 IST" name="tearDown" finished-at="2024-10-06T21:19:58 IST" duration-ms="394" status="PASS">
          <reporter-output>
          </reporter-output>
        </test-method> <!-- tearDown -->
      </class> <!-- Entrata.EntrataTestcaseDesign.LoginWithInvalidCredentials -->
    </test> <!-- Verify -->
  </suite> <!-- Suite -->
</testng-results>
