<?xml version="1.0" encoding="UTF-8"?>
<!-- Generated by org.testng.reporters.JUnitXMLReporter -->
<testsuite ignored="2" hostname="DESKTOP-QESGB3I" failures="0" tests="1" name="Default test" time="51.486" errors="0" timestamp="2024-10-06T17:53:44 IST">
  <testcase classname="Entrata.EntrataTestcaseDesign.LoginWithInvalidCredentials" name="validatingpageRedirection" time="8.628"/>
  <testcase classname="Entrata.EntrataTestcaseDesign.LoginWithInvalidCredentials" name="validatingRedirection" time="0.0">
    <ignored/>
  </testcase> <!-- validatingRedirection -->
  <testcase classname="Entrata.EntrataTestcaseDesign.LoginWithInvalidCredentials" name="testLoginWithInvalidCredentials" time="0.0">
    <ignored/>
  </testcase> <!-- testLoginWithInvalidCredentials -->
</testsuite> <!-- Default test -->
